#
# A fatal error has been detected by the Java Runtime Environment:
#
#  Internal Error (javaClasses.cpp:136), pid=9076, tid=4964
#  fatal error: Invalid layout of preloaded class
#
# JRE version:  (7.0_45-b18) (build )
# Java VM: Java HotSpot(TM) 64-Bit Server VM (24.45-b08 mixed mode windows-amd64 compressed oops)
# Failed to write core dump. Minidumps are not enabled by default on client versions of Windows
#
# If you would like to submit a bug report, please visit:
#   http://bugreport.sun.com/bugreport/crash.jsp
#

---------------  T H R E A D  ---------------

Current thread (0x0000000001f40800):  JavaThread "Unknown thread" [_thread_in_vm, id=4964, stack(0x0000000001de0000,0x0000000001ee0000)]

Stack: [0x0000000001de0000,0x0000000001ee0000]

---------------  P R O C E S S  ---------------

Java Threads: ( => current thread )

Other Threads:

=>0x0000000001f40800 (exited) JavaThread "Unknown thread" [_thread_in_vm, id=4964, stack(0x0000000001de0000,0x0000000001ee0000)]

VM state:not at safepoint (not fully initialized)

VM Mutex/Monitor currently owned by a thread: None

GC Heap History (0 events):
No events

Deoptimization events (0 events):
No events

Internal exceptions (0 events):
No events

Events (10 events):
Event: 0.006 loading class 0x0000000001f8e840 done
Event: 0.006 loading class 0x0000000001f8e260 done
Event: 0.006 loading class 0x0000000001f8e240
Event: 0.006 loading class 0x0000000001f96340
Event: 0.006 loading class 0x0000000001f96340 done
Event: 0.006 loading class 0x0000000001f96370
Event: 0.006 loading class 0x0000000001f96370 done
Event: 0.006 loading class 0x0000000001f963a0
Event: 0.006 loading class 0x0000000001f963a0 done
Event: 0.006 loading class 0x0000000001f8e240 done


Dynamic libraries:
0x000007f6a2a30000 - 0x000007f6a2a63000 	C:\Program Files\Java\jre7\bin\javaw.exe
0x000007fb79c80000 - 0x000007fb79e40000 	C:\windows\SYSTEM32\ntdll.dll
0x000007fb79250000 - 0x000007fb79386000 	C:\windows\system32\KERNEL32.DLL
0x000007fb76e30000 - 0x000007fb76f23000 	C:\windows\system32\KERNELBASE.dll
0x000007fb79b90000 - 0x000007fb79c6e000 	C:\windows\system32\ADVAPI32.dll
0x000007fb79100000 - 0x000007fb7924c000 	C:\windows\system32\USER32.dll
0x000007fb74910000 - 0x000007fb74b7a000 	C:\windows\WinSxS\amd64_microsoft.windows.common-controls_6595b64144ccf1df_6.0.9200.16579_none_418ab7ef718b27ef\COMCTL32.dll
0x000007fb78ad0000 - 0x000007fb78b75000 	C:\windows\system32\msvcrt.dll
0x000007fb77070000 - 0x000007fb770b8000 	C:\windows\SYSTEM32\sechost.dll
0x000007fb79500000 - 0x000007fb79645000 	C:\windows\system32\RPCRT4.dll
0x000007fb78800000 - 0x000007fb78941000 	C:\windows\system32\GDI32.dll
0x000007fb79b40000 - 0x000007fb79b79000 	C:\windows\system32\IMM32.DLL
0x000007fb770c0000 - 0x000007fb771d6000 	C:\windows\system32\MSCTF.dll
0x0000000064660000 - 0x0000000064732000 	C:\Program Files\Java\jre7\bin\msvcr100.dll
0x0000000063e90000 - 0x0000000064659000 	C:\Program Files\Java\jre7\bin\server\jvm.dll
0x000007fb740a0000 - 0x000007fb740a9000 	C:\windows\SYSTEM32\WSOCK32.dll
0x000007fb73ba0000 - 0x000007fb73bc0000 	C:\windows\SYSTEM32\WINMM.dll
0x000007fb79c70000 - 0x000007fb79c77000 	C:\windows\system32\PSAPI.DLL
0x000007fb79840000 - 0x000007fb79898000 	C:\windows\system32\WS2_32.dll
0x000007fb73b60000 - 0x000007fb73b93000 	C:\windows\SYSTEM32\WINMMBASE.dll
0x000007fb798a0000 - 0x000007fb798a9000 	C:\windows\system32\NSI.dll
0x000007fb76c00000 - 0x000007fb76c4f000 	C:\windows\SYSTEM32\cfgmgr32.dll
0x000007fb76f30000 - 0x000007fb76f52000 	C:\windows\system32\DEVOBJ.dll
0x0000000063e80000 - 0x0000000063e8f000 	C:\Program Files\Java\jre7\bin\verify.dll
0x0000000063e50000 - 0x0000000063e78000 	C:\Program Files\Java\jre7\bin\java.dll
0x0000000063e30000 - 0x0000000063e45000 	C:\Program Files\Java\jre7\bin\zip.dll

VM Arguments:
jvm_args: -Dfile.encoding=Cp1252 -Xbootclasspath:C:\Users\costco\Documents\adt-bundle-windows-x86_64-20131030\adt-bundle-windows-x86_64-20131030\sdk\platforms\android-19\android.jar 
java_command: ca.uqac.info.util.PipeReader
Launcher Type: SUN_STANDARD

Environment Variables:
JAVA_HOME=C:\Program Files\Java\jdk1.7.0_45
PATH=C:/Program Files/Java/jdk1.7.0_45/bin/../jre/bin/server;C:/Program Files/Java/jdk1.7.0_45/bin/../jre/bin;C:/Program Files/Java/jdk1.7.0_45/bin/../jre/lib/amd64;C:\Program Files (x86)\NVIDIA Corporation\PhysX\Common;C:\Go\bin;C:\Program Files (x86)\MiKTeX 2.9\miktex\bin\;C:\Program Files (x86)\scala\\bin;c:\jruby-1.7.9\bin;C:\Ruby193\bin;C:\Program Files\Java\jdk1.7.0_45\bin;C:\Python33;C:\vert.x-2.1M2\bin;C:\apache-ant-1.9.3\bin;C:\Program Files (x86)\Git\bin;C:\Program Files (x86)\Vim\vim74;C:\MinGW\bin;C:\Program Files (x86)\scala\bin;C:\Windows\System32;C:\Users\costco\Documents\adt-bundle-windows-x86_64-20131030\adt-bundle-windows-x86_64-20131030\eclipse;
USERNAME=costco
OS=Windows_NT
PROCESSOR_IDENTIFIER=Intel64 Family 6 Model 58 Stepping 9, GenuineIntel



---------------  S Y S T E M  ---------------

OS: Windows 8 , 64 bit Build 9200 

CPU:total 8 (4 cores per cpu, 2 threads per core) family 6 model 58 stepping 9, cmov, cx8, fxsr, mmx, sse, sse2, sse3, ssse3, sse4.1, sse4.2, popcnt, avx, aes, erms, ht, tsc, tscinvbit, tscinv

Memory: 4k page, physical 12521000k(9478644k free), swap 13700648k(8986272k free)

vm_info: Java HotSpot(TM) 64-Bit Server VM (24.45-b08) for windows-amd64 JRE (1.7.0_45-b18), built on Oct  8 2013 05:47:22 by "java_re" with unknown MS VC++:1600

time: Fri Mar 14 13:48:32 2014
elapsed time: 0 seconds

